<?xml version="1.0" encoding="UTF-8"?>
<coverage generated="1696158582315" clover="3.2.0">
  <project timestamp="1696158582315" name="All files">
    <metrics statements="16" coveredstatements="16" conditionals="4" coveredconditionals="4" methods="6" coveredmethods="6" elements="26" coveredelements="26" complexity="0" loc="16" ncloc="16" packages="1" files="2" classes="2"/>
    <file name="grades-calculator.ts" path="F:/Nathan/Misc/GitHub/unit-testing-of-a-real-world-ts-system/exercises/3/final/src/grades-calculator.ts">
      <metrics statements="11" coveredstatements="11" conditionals="4" coveredconditionals="4" methods="2" coveredmethods="2"/>
      <line num="4" count="5" type="stmt"/>
      <line num="5" count="5" type="stmt"/>
      <line num="7" count="5" type="stmt"/>
      <line num="8" count="10" type="stmt"/>
      <line num="9" count="10" type="cond" truecount="2" falsecount="0"/>
      <line num="10" count="9" type="stmt"/>
      <line num="11" count="9" type="stmt"/>
      <line num="12" count="9" type="cond" truecount="2" falsecount="0"/>
      <line num="13" count="8" type="stmt"/>
      <line num="18" count="5" type="stmt"/>
      <line num="22" count="5" type="stmt"/>
    </file>
    <file name="math.ts" path="F:/Nathan/Misc/GitHub/unit-testing-of-a-real-world-ts-system/exercises/3/final/src/math.ts">
      <metrics statements="5" coveredstatements="5" conditionals="0" coveredconditionals="0" methods="4" coveredmethods="4"/>
      <line num="2" count="1" type="stmt"/>
      <line num="6" count="1" type="stmt"/>
      <line num="10" count="20" type="stmt"/>
      <line num="12" count="10" type="stmt"/>
      <line num="15" count="10" type="stmt"/>
    </file>
  </project>
</coverage>
