{"F:/Nathan/Misc/GitHub/unit-testing-of-a-real-world-ts-system/exercises/3/final/src/grades-calculator.ts": {"path":"F:/Nathan/Misc/GitHub/unit-testing-of-a-real-world-ts-system/exercises/3/final/src/grades-calculator.ts","statementMap":{"0":{"start":{"line":4,"column":16},"end":{"line":4,"column":null}},"1":{"start":{"line":5,"column":27},"end":{"line":5,"column":null}},"2":{"start":{"line":7,"column":2},"end":{"line":16,"column":null}},"3":{"start":{"line":7,"column":15},"end":{"line":7,"column":18}},"4":{"start":{"line":8,"column":17},"end":{"line":8,"column":null}},"5":{"start":{"line":9,"column":4},"end":{"line":15,"column":null}},"6":{"start":{"line":10,"column":20},"end":{"line":10,"column":null}},"7":{"start":{"line":11,"column":20},"end":{"line":11,"column":null}},"8":{"start":{"line":12,"column":6},"end":{"line":14,"column":null}},"9":{"start":{"line":13,"column":8},"end":{"line":13,"column":null}},"10":{"start":{"line":18,"column":2},"end":{"line":18,"column":null}},"11":{"start":{"line":22,"column":2},"end":{"line":22,"column":null}}},"fnMap":{"0":{"name":"parseCSV","decl":{"start":{"line":3,"column":16},"end":{"line":3,"column":25}},"loc":{"start":{"line":3,"column":52},"end":{"line":19,"column":null}}},"1":{"name":"calculateAverage","decl":{"start":{"line":21,"column":16},"end":{"line":21,"column":33}},"loc":{"start":{"line":21,"column":59},"end":{"line":23,"column":null}}}},"branchMap":{"0":{"loc":{"start":{"line":9,"column":4},"end":{"line":15,"column":null}},"type":"if","locations":[{"start":{"line":9,"column":4},"end":{"line":15,"column":null}},{"start":{"line":9,"column":4},"end":{"line":15,"column":null}}]},"1":{"loc":{"start":{"line":12,"column":6},"end":{"line":14,"column":null}},"type":"if","locations":[{"start":{"line":12,"column":6},"end":{"line":14,"column":null}},{"start":{"line":12,"column":6},"end":{"line":14,"column":null}}]}},"s":{"0":5,"1":5,"2":5,"3":5,"4":10,"5":10,"6":9,"7":9,"8":9,"9":8,"10":5,"11":5},"f":{"0":5,"1":5},"b":{"0":[9,1],"1":[8,1]}}
,"F:/Nathan/Misc/GitHub/unit-testing-of-a-real-world-ts-system/exercises/3/final/src/math.ts": {"path":"F:/Nathan/Misc/GitHub/unit-testing-of-a-real-world-ts-system/exercises/3/final/src/math.ts","statementMap":{"0":{"start":{"line":2,"column":4},"end":{"line":2,"column":null}},"1":{"start":{"line":6,"column":4},"end":{"line":6,"column":null}},"2":{"start":{"line":10,"column":16},"end":{"line":10,"column":null}},"3":{"start":{"line":10,"column":46},"end":{"line":10,"column":59}},"4":{"start":{"line":12,"column":16},"end":{"line":12,"column":null}},"5":{"start":{"line":15,"column":4},"end":{"line":15,"column":null}}},"fnMap":{"0":{"name":"add","decl":{"start":{"line":1,"column":16},"end":{"line":1,"column":20}},"loc":{"start":{"line":1,"column":55},"end":{"line":3,"column":null}}},"1":{"name":"mul","decl":{"start":{"line":5,"column":16},"end":{"line":5,"column":20}},"loc":{"start":{"line":5,"column":55},"end":{"line":7,"column":null}}},"2":{"name":"calculateAverage","decl":{"start":{"line":9,"column":16},"end":{"line":9,"column":33}},"loc":{"start":{"line":9,"column":59},"end":{"line":16,"column":null}}},"3":{"name":"(anonymous_3)","decl":{"start":{"line":10,"column":30},"end":{"line":10,"column":31}},"loc":{"start":{"line":10,"column":46},"end":{"line":10,"column":59}}}},"branchMap":{},"s":{"0":1,"1":1,"2":10,"3":20,"4":10,"5":10},"f":{"0":1,"1":1,"2":10,"3":20},"b":{}}
}
