<?xml version="1.0" encoding="UTF-8"?>
<coverage generated="1691058246701" clover="3.2.0">
  <project timestamp="1691058246702" name="All files">
    <metrics statements="20" coveredstatements="20" conditionals="4" coveredconditionals="4" methods="8" coveredmethods="8" elements="32" coveredelements="32" complexity="0" loc="20" ncloc="20" packages="1" files="3" classes="3"/>
    <file name="persistence.ts" path="F:/Nathan/Misc/GitHub/unit-testing-of-a-real-world-ts-system/system/final/src/lib/persistence.ts">
      <metrics statements="6" coveredstatements="6" conditionals="2" coveredconditionals="2" methods="2" coveredmethods="2"/>
      <line num="5" count="1" type="stmt"/>
      <line num="6" count="1" type="stmt"/>
      <line num="9" count="2" type="stmt"/>
      <line num="10" count="2" type="stmt"/>
      <line num="14" count="3" type="stmt"/>
      <line num="15" count="3" type="cond" truecount="2" falsecount="0"/>
    </file>
    <file name="task-dispatcher.ts" path="F:/Nathan/Misc/GitHub/unit-testing-of-a-real-world-ts-system/system/final/src/lib/task-dispatcher.ts">
      <metrics statements="7" coveredstatements="7" conditionals="2" coveredconditionals="2" methods="2" coveredmethods="2"/>
      <line num="19" count="5" type="stmt"/>
      <line num="24" count="5" type="stmt"/>
      <line num="30" count="5" type="stmt"/>
      <line num="31" count="5" type="cond" truecount="2" falsecount="0"/>
      <line num="32" count="3" type="stmt"/>
      <line num="34" count="2" type="stmt"/>
      <line num="38" count="3" type="stmt"/>
    </file>
    <file name="task-queue.ts" path="F:/Nathan/Misc/GitHub/unit-testing-of-a-real-world-ts-system/system/final/src/lib/task-queue.ts">
      <metrics statements="7" coveredstatements="7" conditionals="0" coveredconditionals="0" methods="4" coveredmethods="4"/>
      <line num="4" count="1" type="stmt"/>
      <line num="15" count="4" type="stmt"/>
      <line num="28" count="1" type="stmt"/>
      <line num="32" count="1" type="stmt"/>
      <line num="36" count="6" type="stmt"/>
      <line num="40" count="4" type="stmt"/>
      <line num="49" count="1" type="stmt"/>
    </file>
  </project>
</coverage>
