{"F:/Nathan/Misc/GitHub/unit-testing-of-a-real-world-ts-system/system/final/src/lib/persistence.ts": {"path":"F:/Nathan/Misc/GitHub/unit-testing-of-a-real-world-ts-system/system/final/src/lib/persistence.ts","statementMap":{"0":{"start":{"line":5,"column":12},"end":{"line":5,"column":null}},"1":{"start":{"line":6,"column":16},"end":{"line":19,"column":null}},"2":{"start":{"line":9,"column":26},"end":{"line":9,"column":null}},"3":{"start":{"line":10,"column":4},"end":{"line":10,"column":null}},"4":{"start":{"line":11,"column":4},"end":{"line":11,"column":null}},"5":{"start":{"line":15,"column":26},"end":{"line":15,"column":null}},"6":{"start":{"line":16,"column":4},"end":{"line":16,"column":null}},"7":{"start":{"line":17,"column":4},"end":{"line":17,"column":null}}},"fnMap":{"0":{"name":"(anonymous_0)","decl":{"start":{"line":8,"column":2},"end":{"line":8,"column":7}},"loc":{"start":{"line":8,"column":29},"end":{"line":12,"column":null}}},"1":{"name":"(anonymous_1)","decl":{"start":{"line":14,"column":2},"end":{"line":14,"column":18}},"loc":{"start":{"line":14,"column":18},"end":{"line":18,"column":null}}}},"branchMap":{"0":{"loc":{"start":{"line":17,"column":11},"end":{"line":17,"column":null}},"type":"cond-expr","locations":[{"start":{"line":17,"column":27},"end":{"line":17,"column":55}},{"start":{"line":17,"column":55},"end":{"line":17,"column":null}}]}},"s":{"0":2,"1":2,"2":25,"3":25,"4":25,"5":10,"6":10,"7":10},"f":{"0":25,"1":10},"b":{"0":[8,2]}}
,"F:/Nathan/Misc/GitHub/unit-testing-of-a-real-world-ts-system/system/final/src/lib/task-dispatcher.ts": {"path":"F:/Nathan/Misc/GitHub/unit-testing-of-a-real-world-ts-system/system/final/src/lib/task-dispatcher.ts","statementMap":{"0":{"start":{"line":19,"column":4},"end":{"line":19,"column":null}},"1":{"start":{"line":24,"column":40},"end":{"line":27,"column":null}},"2":{"start":{"line":30,"column":17},"end":{"line":30,"column":null}},"3":{"start":{"line":31,"column":4},"end":{"line":35,"column":null}},"4":{"start":{"line":32,"column":6},"end":{"line":32,"column":null}},"5":{"start":{"line":34,"column":6},"end":{"line":34,"column":null}},"6":{"start":{"line":38,"column":4},"end":{"line":38,"column":null}}},"fnMap":{"0":{"name":"(anonymous_0)","decl":{"start":{"line":18,"column":2},"end":{"line":18,"column":14}},"loc":{"start":{"line":18,"column":52},"end":{"line":21,"column":null}}},"1":{"name":"(anonymous_1)","decl":{"start":{"line":23,"column":2},"end":{"line":23,"column":11}},"loc":{"start":{"line":23,"column":59},"end":{"line":39,"column":null}}}},"branchMap":{"0":{"loc":{"start":{"line":31,"column":4},"end":{"line":35,"column":null}},"type":"if","locations":[{"start":{"line":31,"column":4},"end":{"line":35,"column":null}},{"start":{"line":33,"column":11},"end":{"line":35,"column":null}}]}},"s":{"0":5,"1":5,"2":5,"3":5,"4":3,"5":2,"6":3},"f":{"0":5,"1":5},"b":{"0":[3,2]}}
,"F:/Nathan/Misc/GitHub/unit-testing-of-a-real-world-ts-system/system/final/src/lib/task-queue.ts": {"path":"F:/Nathan/Misc/GitHub/unit-testing-of-a-real-world-ts-system/system/final/src/lib/task-queue.ts","statementMap":{"0":{"start":{"line":16,"column":4},"end":{"line":16,"column":null}},"1":{"start":{"line":17,"column":4},"end":{"line":17,"column":null}},"2":{"start":{"line":29,"column":22},"end":{"line":29,"column":null}},"3":{"start":{"line":30,"column":4},"end":{"line":30,"column":null}},"4":{"start":{"line":33,"column":4},"end":{"line":33,"column":null}},"5":{"start":{"line":37,"column":4},"end":{"line":37,"column":null}},"6":{"start":{"line":41,"column":4},"end":{"line":41,"column":null}},"7":{"start":{"line":42,"column":4},"end":{"line":42,"column":null}},"8":{"start":{"line":46,"column":4},"end":{"line":46,"column":null}},"9":{"start":{"line":50,"column":4},"end":{"line":50,"column":null}},"10":{"start":{"line":53,"column":27},"end":{"line":53,"column":null}}},"fnMap":{"0":{"name":"(anonymous_0)","decl":{"start":{"line":14,"column":2},"end":{"line":14,"column":10}},"loc":{"start":{"line":14,"column":29},"end":{"line":18,"column":null}}},"1":{"name":"(anonymous_1)","decl":{"start":{"line":28,"column":2},"end":{"line":28,"column":31}},"loc":{"start":{"line":28,"column":31},"end":{"line":34,"column":null}}},"2":{"name":"(anonymous_2)","decl":{"start":{"line":36,"column":2},"end":{"line":36,"column":19}},"loc":{"start":{"line":36,"column":19},"end":{"line":38,"column":null}}},"3":{"name":"(anonymous_3)","decl":{"start":{"line":40,"column":2},"end":{"line":40,"column":16}},"loc":{"start":{"line":40,"column":16},"end":{"line":43,"column":null}}},"4":{"name":"(anonymous_4)","decl":{"start":{"line":45,"column":10},"end":{"line":45,"column":23}},"loc":{"start":{"line":45,"column":23},"end":{"line":47,"column":null}}},"5":{"name":"(anonymous_5)","decl":{"start":{"line":49,"column":10},"end":{"line":49,"column":26}},"loc":{"start":{"line":49,"column":26},"end":{"line":51,"column":null}}}},"branchMap":{},"s":{"0":17,"1":17,"2":5,"3":5,"4":5,"5":22,"6":17,"7":17,"8":39,"9":6,"10":6},"f":{"0":17,"1":5,"2":22,"3":17,"4":39,"5":6},"b":{}}
}
