{"F:/Nathan/Misc/GitHub/unit-testing-of-a-real-world-ts-system/system/final/src/lib/task-dispatcher.ts": {"path":"F:/Nathan/Misc/GitHub/unit-testing-of-a-real-world-ts-system/system/final/src/lib/task-dispatcher.ts","statementMap":{"0":{"start":{"line":19,"column":4},"end":{"line":19,"column":null}},"1":{"start":{"line":24,"column":40},"end":{"line":27,"column":null}},"2":{"start":{"line":30,"column":17},"end":{"line":30,"column":null}},"3":{"start":{"line":31,"column":4},"end":{"line":35,"column":null}},"4":{"start":{"line":32,"column":6},"end":{"line":32,"column":null}},"5":{"start":{"line":34,"column":6},"end":{"line":34,"column":null}},"6":{"start":{"line":38,"column":4},"end":{"line":38,"column":null}}},"fnMap":{"0":{"name":"(anonymous_0)","decl":{"start":{"line":18,"column":2},"end":{"line":18,"column":14}},"loc":{"start":{"line":18,"column":52},"end":{"line":21,"column":null}}},"1":{"name":"(anonymous_1)","decl":{"start":{"line":23,"column":2},"end":{"line":23,"column":11}},"loc":{"start":{"line":23,"column":50},"end":{"line":39,"column":null}}}},"branchMap":{"0":{"loc":{"start":{"line":31,"column":4},"end":{"line":35,"column":null}},"type":"if","locations":[{"start":{"line":31,"column":4},"end":{"line":35,"column":null}},{"start":{"line":33,"column":11},"end":{"line":35,"column":null}}]}},"s":{"0":5,"1":5,"2":5,"3":5,"4":3,"5":2,"6":3},"f":{"0":5,"1":5},"b":{"0":[3,2]}}
,"F:/Nathan/Misc/GitHub/unit-testing-of-a-real-world-ts-system/system/final/src/lib/task-queue.ts": {"path":"F:/Nathan/Misc/GitHub/unit-testing-of-a-real-world-ts-system/system/final/src/lib/task-queue.ts","statementMap":{"0":{"start":{"line":4,"column":18},"end":{"line":43,"column":null}},"1":{"start":{"line":15,"column":4},"end":{"line":15,"column":null}},"2":{"start":{"line":28,"column":22},"end":{"line":28,"column":null}},"3":{"start":{"line":32,"column":4},"end":{"line":32,"column":null}},"4":{"start":{"line":36,"column":4},"end":{"line":36,"column":null}},"5":{"start":{"line":40,"column":4},"end":{"line":40,"column":null}},"6":{"start":{"line":49,"column":22},"end":{"line":49,"column":null}}},"fnMap":{"0":{"name":"(anonymous_0)","decl":{"start":{"line":13,"column":2},"end":{"line":13,"column":10}},"loc":{"start":{"line":13,"column":29},"end":{"line":17,"column":null}}},"1":{"name":"(anonymous_1)","decl":{"start":{"line":27,"column":2},"end":{"line":27,"column":31}},"loc":{"start":{"line":27,"column":31},"end":{"line":33,"column":null}}},"2":{"name":"(anonymous_2)","decl":{"start":{"line":35,"column":2},"end":{"line":35,"column":19}},"loc":{"start":{"line":35,"column":19},"end":{"line":37,"column":null}}},"3":{"name":"(anonymous_3)","decl":{"start":{"line":39,"column":2},"end":{"line":39,"column":16}},"loc":{"start":{"line":39,"column":16},"end":{"line":42,"column":null}}}},"branchMap":{},"s":{"0":1,"1":4,"2":1,"3":1,"4":6,"5":4,"6":1},"f":{"0":4,"1":1,"2":6,"3":4},"b":{}}
}
